<?xml version="1.0" encoding="UTF-8"?>
<!-- Generated by org.testng.reporters.JUnitReportReporter -->
<testsuite hostname="AMIT" failures="0" tests="1" name="TestDemo1.TestLoginPage" time="11.111" errors="0" timestamp="2023-01-12T17:48:06 IST" skipped="0">
  <testcase classname="TestDemo1.TestLoginPage" name="testloginfunction" time="11.111"/>
  <system-out/>
</testsuite> <!-- TestDemo1.TestLoginPage -->
